<?xml version="1.0" encoding="UTF-8"?>
<!-- Generated by org.testng.reporters.JUnitXMLReporter -->
<testsuite ignored="0" hostname="DESKTOP-3N64S6F" failures="1" tests="1" name="Default test" time="3.023" errors="0" timestamp="2025-08-10T23:34:44 IST">
  <testcase classname="io.cucumber.testng.AbstractTestNGCucumberTests" name="runScenario" time="0.323">
    <failure type="java.lang.NullPointerException" message="Cannot invoke &amp;quot;Maveric.pageObject.Landing.loginActions(String, String)&amp;quot; because &amp;quot;this.land&amp;quot; is null">
      <![CDATA[java.lang.NullPointerException: Cannot invoke "Maveric.pageObject.Landing.loginActions(String, String)" because "this.land" is null
at Maveric.CucumberStepDefinition.StepDefinitionImpl.loging_with_username_password(StepDefinitionImpl.java:31)
at ✽.Logged in with username minaranisen@gmail.com and password Minaranisen#1(file:///C:/Users/arnik/eclipse-workspace/SeleniumDesignFramwork/src/test/java/cucumber/SubmitOrder.feature:11)
]]>
    </failure>
  </testcase> <!-- runScenario -->
</testsuite> <!-- Default test -->
