<?xml version="1.0" encoding="UTF-8"?>
<!-- Generated by org.testng.reporters.JUnitXMLReporter -->
<testsuite ignored="0" hostname="DESKTOP-3N64S6F" failures="0" tests="2" name="Error Validation Test" time="30.389" errors="0" timestamp="2025-07-17T22:56:58 IST">
  <testcase classname="Maveric.testCases.ErrorValidationsTest" name="errorchecking" time="2.054"/>
  <testcase classname="Maveric.testCases.ErrorValidationsTest" name="productErrorValidation" time="9.445"/>
</testsuite> <!-- Error Validation Test -->
