<?xml version="1.0" encoding="UTF-8"?>
<!-- Generated by org.testng.reporters.JUnitXMLReporter -->
<testsuite ignored="1" hostname="DESKTOP-3N64S6F" failures="0" tests="2" name="Purchae Order Test" time="50.07" errors="0" timestamp="2025-07-18T12:48:37 IST">
  <testcase classname="Maveric.testCases.SubmitOrderTestCase" name="submitOrder" time="15.766"/>
  <testcase classname="Maveric.testCases.SubmitOrderTestCase" name="submitOrder" time="15.293"/>
  <testcase classname="Maveric.testCases.SubmitOrderTestCase" name="ordersValidationTest" time="0.0">
    <ignored/>
  </testcase> <!-- ordersValidationTest -->
</testsuite> <!-- Purchae Order Test -->
