<?xml version="1.0" encoding="UTF-8"?>
<!-- Generated by org.testng.reporters.JUnitXMLReporter -->
<testsuite ignored="0" hostname="DESKTOP-3N64S6F" failures="0" tests="3" name="Submit Order Test" time="86.583" errors="0" timestamp="2025-07-28T14:31:06 IST">
  <testcase classname="Maveric.testCases.SubmitOrderTestCase" name="submitOrder" time="20.611"/>
  <testcase classname="Maveric.testCases.SubmitOrderTestCase" name="submitOrder" time="14.851"/>
  <testcase classname="Maveric.testCases.SubmitOrderTestCase" name="ordersValidationTest" time="1.724"/>
</testsuite> <!-- Submit Order Test -->
