<?xml version="1.0" encoding="UTF-8"?>
<!-- Generated by org.testng.reporters.JUnitXMLReporter -->
<testsuite ignored="2" hostname="DESKTOP-3N64S6F" failures="0" tests="0" time="0.04" errors="0" timestamp="2025-07-18T22:57:32 IST">
  <testcase classname="Maveric.testCases.ErrorValidationsTest" name="productErrorValidation" time="0.0">
    <ignored/>
  </testcase> <!-- productErrorValidation -->
  <testcase classname="Maveric.testCases.ErrorValidationsTest" name="errorchecking" time="0.0">
    <ignored/>
  </testcase> <!-- errorchecking -->
</testsuite>
