<?xml version="1.0" encoding="UTF-8"?>
<!-- Generated by org.testng.reporters.JUnitXMLReporter -->
<testsuite ignored="1" hostname="DESKTOP-3N64S6F" failures="0" tests="2" name="Purchae Order Test" time="49.65" errors="0" timestamp="2025-07-18T22:58:22 IST">
  <testcase classname="Maveric.testCases.SubmitOrderTestCase" name="submitOrder" time="14.852"/>
  <testcase classname="Maveric.testCases.SubmitOrderTestCase" name="submitOrder" time="14.872"/>
  <testcase classname="Maveric.testCases.SubmitOrderTestCase" name="ordersValidationTest" time="0.0">
    <ignored/>
  </testcase> <!-- ordersValidationTest -->
</testsuite> <!-- Purchae Order Test -->
