<?xml version="1.0" encoding="UTF-8"?>
<testng-results ignored="0" total="1" passed="0" failed="1" skipped="0">
  <reporter-output>
  </reporter-output>
  <suite started-at="2025-08-10T23:34:41 IST" name="Default suite" finished-at="2025-08-10T23:34:44 IST" duration-ms="3023">
    <groups>
      <group name="cucumber">
        <method signature="AbstractTestNGCucumberTests.runScenario(io.cucumber.testng.PickleWrapper,io.cucumber.testng.FeatureWrapper)[pri:0, instance:cucumber.TestNGTestRunner@22fcf7ab]" name="runScenario" class="io.cucumber.testng.AbstractTestNGCucumberTests"/>
      </group> <!-- cucumber -->
    </groups>
    <test started-at="2025-08-10T23:34:41 IST" name="Default test" finished-at="2025-08-10T23:34:44 IST" duration-ms="3023">
      <class name="cucumber.TestNGTestRunner">
        <test-method is-config="true" signature="setUpClass(org.testng.ITestContext)[pri:0, instance:cucumber.TestNGTestRunner@22fcf7ab]" started-at="2025-08-10T23:34:41 IST" name="setUpClass" finished-at="2025-08-10T23:34:43 IST" duration-ms="2416" status="PASS">
          <params>
            <param index="0">
              <value>
                <![CDATA[org.testng.TestRunner@384fc774]]>
              </value>
            </param>
          </params>
          <reporter-output>
          </reporter-output>
        </test-method> <!-- setUpClass -->
        <test-method signature="runScenario(io.cucumber.testng.PickleWrapper,io.cucumber.testng.FeatureWrapper)[pri:0, instance:cucumber.TestNGTestRunner@22fcf7ab]" started-at="2025-08-10T23:34:43 IST" name="runScenario" description="Runs Cucumber Scenarios" data-provider="scenarios" finished-at="2025-08-10T23:34:44 IST" duration-ms="323" status="FAIL">
          <params>
            <param index="0">
              <value>
                <![CDATA["Positive Test of submitting the order"]]>
              </value>
            </param>
            <param index="1">
              <value>
                <![CDATA["Purchse the order from Ecommerce website"]]>
              </value>
            </param>
          </params>
          <exception class="java.lang.NullPointerException">
            <message>
              <![CDATA[Cannot invoke "Maveric.pageObject.Landing.loginActions(String, String)" because "this.land" is null]]>
            </message>
            <full-stacktrace>
              <![CDATA[java.lang.NullPointerException: Cannot invoke "Maveric.pageObject.Landing.loginActions(String, String)" because "this.land" is null
at Maveric.CucumberStepDefinition.StepDefinitionImpl.loging_with_username_password(StepDefinitionImpl.java:31)
at ✽.Logged in with username minaranisen@gmail.com and password Minaranisen#1(file:///C:/Users/arnik/eclipse-workspace/SeleniumDesignFramwork/src/test/java/cucumber/SubmitOrder.feature:11)
]]>
            </full-stacktrace>
          </exception> <!-- java.lang.NullPointerException -->
          <reporter-output>
          </reporter-output>
        </test-method> <!-- runScenario -->
        <test-method is-config="true" signature="tearDownClass()[pri:0, instance:cucumber.TestNGTestRunner@22fcf7ab]" started-at="2025-08-10T23:34:44 IST" name="tearDownClass" finished-at="2025-08-10T23:34:44 IST" duration-ms="78" status="PASS">
          <reporter-output>
          </reporter-output>
        </test-method> <!-- tearDownClass -->
      </class> <!-- cucumber.TestNGTestRunner -->
    </test> <!-- Default test -->
  </suite> <!-- Default suite -->
</testng-results>
