<?xml version="1.0" encoding="UTF-8"?>
<!-- Generated by org.testng.reporters.JUnitReportReporter -->
<testsuite hostname="DESKTOP-3N64S6F" failures="0" tests="1" name="cucumber.TestNGTestRunner" time="0.323" errors="1" timestamp="2025-08-10T23:34:45 IST" skipped="0">
  <testcase classname="cucumber.TestNGTestRunner" name="runScenario" time="0.323">
    <error message="Cannot invoke &quot;Maveric.pageObject.Landing.loginActions(String, String)&quot; because &quot;this.land&quot; is null" type="java.lang.NullPointerException">
      <![CDATA[java.lang.NullPointerException: Cannot invoke "Maveric.pageObject.Landing.loginActions(String, String)" because "this.land" is null
at Maveric.CucumberStepDefinition.StepDefinitionImpl.loging_with_username_password(StepDefinitionImpl.java:31)
at ✽.Logged in with username minaranisen@gmail.com and password Minaranisen#1(file:///C:/Users/arnik/eclipse-workspace/SeleniumDesignFramwork/src/test/java/cucumber/SubmitOrder.feature:11)
]]>
    </error>
  </testcase> <!-- runScenario -->
</testsuite> <!-- cucumber.TestNGTestRunner -->
